<?xml version="1.0" encoding="UTF-8"?>
<!-- Generated by org.testng.reporters.JUnitXMLReporter -->
<testsuite ignored="0" hostname="HeavenOnEarths-MacBook-Air.local" failures="2" tests="11" name="Smoke Test for Remember the Milk App" time="168.098" errors="0" timestamp="23 Apr. 2019 01:56:47 GMT">
  <testcase classname="com.pingidentity.TestRMLoginUsingTestNG" name="testLoginPageLoaded" time="0.048"/>
  <testcase classname="com.pingidentity.TestRMLoginUsingTestNG" name="testLoginWithCredentials" time="3.965"/>
  <testcase classname="com.pingidentity.TestRMLoginUsingTestNG" name="testCreateNewTask" time="6.876"/>
  <testcase classname="com.pingidentity.TestRMLoginUsingTestNG" name="testCreateNewTask" time="6.872"/>
  <testcase classname="com.pingidentity.TestRMLoginUsingTestNG" name="testCreateNewTask" time="7.044"/>
  <testcase classname="com.pingidentity.TestRMLoginUsingTestNG" name="testUpdateTaskName" time="6.892"/>
  <testcase classname="com.pingidentity.TestRMLoginUsingTestNG" name="testUpdateTaskName" time="8.445"/>
  <testcase classname="com.pingidentity.TestRMLoginUsingTestNG" name="testUpdateTaskName" time="6.182"/>
  <testcase classname="com.pingidentity.TestRMLoginUsingTestNG" name="testDeleteTaskToTrash" time="7.972"/>
  <testcase classname="com.pingidentity.TestRMLoginUsingTestNG" name="testDeleteTaskToTrash" time="40.858">
    <failure type="java.lang.NullPointerException">
      <![CDATA[java.lang.NullPointerException
	at com.pingidentity.TestRMLoginUsingTestNG.testDeleteTaskToTrash(TestRMLoginUsingTestNG.java:109)
... Removed 25 stack frames]]>
    </failure>
  </testcase> <!-- testDeleteTaskToTrash -->
  <testcase classname="com.pingidentity.TestRMLoginUsingTestNG" name="testDeleteTaskToTrash" time="7.071">
    <failure type="org.openqa.selenium.WebDriverException" message="unknown error: Element &amp;lt;div class=&amp;quot;Fj-an-Oj&amp;quot; title=&amp;quot;...&amp;quot; style=&amp;quot;user-select: none;&amp;quot;&amp;gt;Inbox&amp;lt;/div&amp;gt; is not clickable at point (98, 139). Other element would receive the click: &amp;lt;div class=&amp;quot;b-Nr-tp&amp;quot;&amp;gt;...&amp;lt;/div&amp;gt;
  (Session info: chrome=73.0.3683.103)
  (Driver info: chromedriver=72.0.3626.69 (3c16f8a135abc0d4da2dff33804db79b849a7c38),platform=Mac OS X 10.14.4 x86_64) (WARNING: The server did not provide any stacktrace information)
Command duration or timeout: 0 milliseconds
Build info: version: &amp;apos;3.14.0&amp;apos;, revision: &amp;apos;aacccce0&amp;apos;, time: &amp;apos;2018-08-02T20:19:58.91Z&amp;apos;
System info: host: &amp;apos;HeavenOnEarths-MacBook-Air.local&amp;apos;, ip: &amp;apos;fe80:0:0:0:80d:13c3:97a2:c1f%en0&amp;apos;, os.name: &amp;apos;Mac OS X&amp;apos;, os.arch: &amp;apos;x86_64&amp;apos;, os.version: &amp;apos;10.14.4&amp;apos;, java.version: &amp;apos;11.0.2&amp;apos;
Driver info: org.openqa.selenium.chrome.ChromeDriver
Capabilities {acceptInsecureCerts: false, acceptSslCerts: false, applicationCacheEnabled: false, browserConnectionEnabled: false, browserName: chrome, chrome: {chromedriverVersion: 72.0.3626.69 (3c16f8a135abc..., userDataDir: /var/folders/zb/9b6j_dss71q...}, cssSelectorsEnabled: true, databaseEnabled: false, goog:chromeOptions: {debuggerAddress: localhost:64433}, handlesAlerts: true, hasTouchScreen: false, javascriptEnabled: true, locationContextEnabled: true, mobileEmulationEnabled: false, nativeEvents: true, networkConnectionEnabled: false, pageLoadStrategy: normal, platform: MAC, platformName: MAC, proxy: Proxy(), rotatable: false, setWindowRect: true, takesHeapSnapshot: true, takesScreenshot: true, timeouts: {implicit: 0, pageLoad: 300000, script: 30000}, unexpectedAlertBehaviour: ignore, unhandledPromptBehavior: ignore, version: 73.0.3683.103, webStorageEnabled: true}
Session ID: 2588803916a3d68e9d56d48ecb98a962">
      <![CDATA[org.openqa.selenium.WebDriverException: unknown error: Element <div class="Fj-an-Oj" title="..." style="user-select: none;">Inbox</div> is not clickable at point (98, 139). Other element would receive the click: <div class="b-Nr-tp">...</div>
  (Session info: chrome=73.0.3683.103)
  (Driver info: chromedriver=72.0.3626.69 (3c16f8a135abc0d4da2dff33804db79b849a7c38),platform=Mac OS X 10.14.4 x86_64) (WARNING: The server did not provide any stacktrace information)
Command duration or timeout: 0 milliseconds
Build info: version: '3.14.0', revision: 'aacccce0', time: '2018-08-02T20:19:58.91Z'
System info: host: 'HeavenOnEarths-MacBook-Air.local', ip: 'fe80:0:0:0:80d:13c3:97a2:c1f%en0', os.name: 'Mac OS X', os.arch: 'x86_64', os.version: '10.14.4', java.version: '11.0.2'
Driver info: org.openqa.selenium.chrome.ChromeDriver
Capabilities {acceptInsecureCerts: false, acceptSslCerts: false, applicationCacheEnabled: false, browserConnectionEnabled: false, browserName: chrome, chrome: {chromedriverVersion: 72.0.3626.69 (3c16f8a135abc..., userDataDir: /var/folders/zb/9b6j_dss71q...}, cssSelectorsEnabled: true, databaseEnabled: false, goog:chromeOptions: {debuggerAddress: localhost:64433}, handlesAlerts: true, hasTouchScreen: false, javascriptEnabled: true, locationContextEnabled: true, mobileEmulationEnabled: false, nativeEvents: true, networkConnectionEnabled: false, pageLoadStrategy: normal, platform: MAC, platformName: MAC, proxy: Proxy(), rotatable: false, setWindowRect: true, takesHeapSnapshot: true, takesScreenshot: true, timeouts: {implicit: 0, pageLoad: 300000, script: 30000}, unexpectedAlertBehaviour: ignore, unhandledPromptBehavior: ignore, version: 73.0.3683.103, webStorageEnabled: true}
Session ID: 2588803916a3d68e9d56d48ecb98a962
	at org.openqa.selenium.remote.ErrorHandler.createThrowable(ErrorHandler.java:214)
	at org.openqa.selenium.remote.ErrorHandler.throwIfResponseFailed(ErrorHandler.java:166)
	at org.openqa.selenium.remote.http.JsonHttpResponseCodec.reconstructValue(JsonHttpResponseCodec.java:40)
	at org.openqa.selenium.remote.http.AbstractHttpResponseCodec.decode(AbstractHttpResponseCodec.java:80)
	at org.openqa.selenium.remote.http.AbstractHttpResponseCodec.decode(AbstractHttpResponseCodec.java:44)
	at org.openqa.selenium.remote.HttpCommandExecutor.execute(HttpCommandExecutor.java:158)
	at org.openqa.selenium.remote.service.DriverCommandExecutor.execute(DriverCommandExecutor.java:83)
	at org.openqa.selenium.remote.RemoteWebDriver.execute(RemoteWebDriver.java:548)
	at org.openqa.selenium.remote.RemoteWebElement.execute(RemoteWebElement.java:276)
	at org.openqa.selenium.remote.RemoteWebElement.click(RemoteWebElement.java:83)
	at pages.TaskHome.deleteTask(TaskHome.java:145)
	at com.pingidentity.TestRMLoginUsingTestNG.deleteTaskMethod(TestRMLoginUsingTestNG.java:162)
	at com.pingidentity.TestRMLoginUsingTestNG.testDeleteTaskToTrash(TestRMLoginUsingTestNG.java:108)
... Removed 29 stack frames]]>
    </failure>
  </testcase> <!-- testDeleteTaskToTrash -->
</testsuite> <!-- Smoke Test for Remember the Milk App -->
